=== Firewall Hardening Started at Mon Jul  7 12:22:01 PM NZST 2025 ===
[*] Configuring UFW...
[*] Allowing TCP port 2222...
[*] Allowing TCP port 80...
[*] Allowing TCP port 443...
[*] Enabling UFW...
[*] UFW status:
Status: active
Logging: on (low)
Default: deny (incoming), allow (outgoing), disabled (routed)
New profiles: skip

To                         Action      From
--                         ------      ----
2222/tcp                   ALLOW IN    Anywhere                  
80/tcp                     ALLOW IN    Anywhere                  
443/tcp                    ALLOW IN    Anywhere                  
2222/tcp (v6)              ALLOW IN    Anywhere (v6)             
80/tcp (v6)                ALLOW IN    Anywhere (v6)             
443/tcp (v6)               ALLOW IN    Anywhere (v6)             

=== Firewall Hardening Completed at Mon Jul  7 12:22:43 PM NZST 2025 ===
