=== Service Cleanup Started at Mon Jul  7 12:28:01 PM NZST 2025 ===
[*] Checking telnet ...
[*] telnet.service not enabled, checking for installed package ...
[*] Removing package telnet ...
[*] Checking ftp ...
[*] ftp.service not enabled, checking for installed package ...
[*] Removing package ftp ...
[*] Checking rsh ...
[*] rsh.service not enabled, checking for installed package ...
[*] Checking rlogin ...
[*] rlogin.service not enabled, checking for installed package ...
[*] Checking rexec ...
[*] rexec.service not enabled, checking for installed package ...
[*] Checking cups ...
[*] Disabling and stopping cups.service ...
[*] Removing package cups ...
[*] Checking nfs-server ...
[*] nfs-server.service not enabled, checking for installed package ...
[*] Checking rpcbind ...
[*] rpcbind.service not enabled, checking for installed package ...
[*] Checking smb ...
[*] smb.service not enabled, checking for installed package ...
[*] Removing package smb ...
